<?xml version="1.0" encoding="UTF-8"?>
<!-- Generated by org.testng.reporters.JUnitXMLReporter -->
<testsuite hostname="desktop-idris" ignored="0" name="Error Validation Test" tests="2" failures="0" timestamp="09 Jan 2023 10:01:10 GMT" time="23.997" errors="0">
  <testcase name="loginErrorValidation" time="1.18" classname="org.inaracademy.ErrorValidations"/>
  <testcase name="productErrorValidation" time="12.504" classname="org.inaracademy.ErrorValidations"/>
</testsuite> <!-- Error Validation Test -->
