<?xml version="1.0" encoding="UTF-8"?>
<!-- Generated by org.testng.reporters.JUnitXMLReporter -->
<testsuite hostname="desktop-idris" ignored="2" tests="0" failures="0" timestamp="09 Jan 2023 09:38:12 GMT" time="0.002" errors="0">
  <testcase name="submitOrder" time="0.0" classname="org.inaracademy.SubmitOrderTest">
    <ignored/>
  </testcase> <!-- submitOrder -->
  <testcase name="orderHistoryTest" time="0.0" classname="org.inaracademy.SubmitOrderTest">
    <ignored/>
  </testcase> <!-- orderHistoryTest -->
</testsuite>
