<?xml version="1.0" encoding="UTF-8"?>
<testng-results skipped="0" failed="1" ignored="0" total="5" passed="4">
  <reporter-output>
  </reporter-output>
  <suite name="All Test Suite" duration-ms="41135" started-at="2023-01-10T11:29:07Z" finished-at="2023-01-10T11:29:48Z">
    <groups>
      <group name="Purchase">
        <method signature="SubmitOrderTest.submitOrder(java.util.HashMap)[pri:0, instance:org.inaracademy.SubmitOrderTest@15761df8]" name="submitOrder" class="org.inaracademy.SubmitOrderTest"/>
      </group> <!-- Purchase -->
      <group name="ErrorHandling">
        <method signature="ErrorValidations.loginErrorValidation()[pri:0, instance:org.inaracademy.ErrorValidations@27c86f2d]" name="loginErrorValidation" class="org.inaracademy.ErrorValidations"/>
      </group> <!-- ErrorHandling -->
    </groups>
    <test name="Error Validation Test" duration-ms="20412" started-at="2023-01-10T11:29:07Z" finished-at="2023-01-10T11:29:27Z">
      <class name="org.inaracademy.ErrorValidations">
        <test-method status="PASS" signature="launchApplication()[pri:0, instance:org.inaracademy.ErrorValidations@27c86f2d]" name="launchApplication" is-config="true" duration-ms="7728" started-at="2023-01-10T11:29:07Z" finished-at="2023-01-10T11:29:15Z">
          <reporter-output>
          </reporter-output>
        </test-method> <!-- launchApplication -->
        <test-method status="PASS" signature="loginErrorValidation()[pri:0, instance:org.inaracademy.ErrorValidations@27c86f2d]" name="loginErrorValidation" duration-ms="1540" started-at="2023-01-10T11:29:15Z" finished-at="2023-01-10T11:29:16Z">
          <reporter-output>
          </reporter-output>
        </test-method> <!-- loginErrorValidation -->
        <test-method status="PASS" signature="tearDown()[pri:0, instance:org.inaracademy.ErrorValidations@27c86f2d]" name="tearDown" is-config="true" duration-ms="71" started-at="2023-01-10T11:29:16Z" finished-at="2023-01-10T11:29:16Z">
          <reporter-output>
          </reporter-output>
        </test-method> <!-- tearDown -->
        <test-method status="PASS" signature="launchApplication()[pri:0, instance:org.inaracademy.ErrorValidations@27c86f2d]" name="launchApplication" is-config="true" duration-ms="4937" started-at="2023-01-10T11:29:16Z" finished-at="2023-01-10T11:29:21Z">
          <reporter-output>
          </reporter-output>
        </test-method> <!-- launchApplication -->
        <test-method status="FAIL" signature="productErrorValidation()[pri:0, instance:org.inaracademy.ErrorValidations@27c86f2d]" name="productErrorValidation" duration-ms="5444" started-at="2023-01-10T11:29:21Z" finished-at="2023-01-10T11:29:27Z">
          <exception class="org.openqa.selenium.ElementClickInterceptedException">
            <message>
              <![CDATA[element click intercepted: Element <button _ngcontent-mha-c33="" routerlink="/dashboard/cart" class="btn btn-custom" style="margin-top: -10px;" tabindex="0">...</button> is not clickable at point (1284, 27). Other element would receive the click: <div _ngcontent-mha-c31="" class="ngx-spinner-overlay ng-tns-c31-1 ng-trigger ng-trigger-fadeIn ng-star-inserted" style="background-color: rgba(51, 51, 51, 0.8); z-index: 99999; position: fixed; opacity: 1;">...</div>
  (Session info: chrome=108.0.5359.125)
Build info: version: '4.7.2', revision: '4d4020c3b7'
System info: os.name: 'Windows 10', os.arch: 'amd64', os.version: '10.0', java.version: '1.8.0_202'
Driver info: org.openqa.selenium.chrome.ChromeDriver
Command: [774a91505b6ffe46ff2a43cdfe7954b0, clickElement {id=0bba8858-1014-4769-b06d-55f2ac1e9536}]
Capabilities {acceptInsecureCerts: false, browserName: chrome, browserVersion: 108.0.5359.125, chrome: {chromedriverVersion: 108.0.5359.71 (1e0e3868ee06..., userDataDir: C:\Users\idris\AppData\Loca...}, goog:chromeOptions: {debuggerAddress: localhost:55220}, networkConnectionEnabled: false, pageLoadStrategy: normal, platformName: WINDOWS, proxy: Proxy(), se:cdp: ws://localhost:55220/devtoo..., se:cdpVersion: 108.0.5359.125, setWindowRect: true, strictFileInteractability: false, timeouts: {implicit: 0, pageLoad: 300000, script: 30000}, unhandledPromptBehavior: dismiss and notify, webauthn:extension:credBlob: true, webauthn:extension:largeBlob: true, webauthn:virtualAuthenticators: true}
Element: [[ChromeDriver: chrome on WINDOWS (774a91505b6ffe46ff2a43cdfe7954b0)] -> css selector: [routerlink*='cart']]
Session ID: 774a91505b6ffe46ff2a43cdfe7954b0]]>
            </message>
            <full-stacktrace>
              <![CDATA[org.openqa.selenium.ElementClickInterceptedException: element click intercepted: Element <button _ngcontent-mha-c33="" routerlink="/dashboard/cart" class="btn btn-custom" style="margin-top: -10px;" tabindex="0">...</button> is not clickable at point (1284, 27). Other element would receive the click: <div _ngcontent-mha-c31="" class="ngx-spinner-overlay ng-tns-c31-1 ng-trigger ng-trigger-fadeIn ng-star-inserted" style="background-color: rgba(51, 51, 51, 0.8); z-index: 99999; position: fixed; opacity: 1;">...</div>
  (Session info: chrome=108.0.5359.125)
Build info: version: '4.7.2', revision: '4d4020c3b7'
System info: os.name: 'Windows 10', os.arch: 'amd64', os.version: '10.0', java.version: '1.8.0_202'
Driver info: org.openqa.selenium.chrome.ChromeDriver
Command: [774a91505b6ffe46ff2a43cdfe7954b0, clickElement {id=0bba8858-1014-4769-b06d-55f2ac1e9536}]
Capabilities {acceptInsecureCerts: false, browserName: chrome, browserVersion: 108.0.5359.125, chrome: {chromedriverVersion: 108.0.5359.71 (1e0e3868ee06..., userDataDir: C:\Users\idris\AppData\Loca...}, goog:chromeOptions: {debuggerAddress: localhost:55220}, networkConnectionEnabled: false, pageLoadStrategy: normal, platformName: WINDOWS, proxy: Proxy(), se:cdp: ws://localhost:55220/devtoo..., se:cdpVersion: 108.0.5359.125, setWindowRect: true, strictFileInteractability: false, timeouts: {implicit: 0, pageLoad: 300000, script: 30000}, unhandledPromptBehavior: dismiss and notify, webauthn:extension:credBlob: true, webauthn:extension:largeBlob: true, webauthn:virtualAuthenticators: true}
Element: [[ChromeDriver: chrome on WINDOWS (774a91505b6ffe46ff2a43cdfe7954b0)] -> css selector: [routerlink*='cart']]
Session ID: 774a91505b6ffe46ff2a43cdfe7954b0
at sun.reflect.NativeConstructorAccessorImpl.newInstance0(Native Method)
at sun.reflect.NativeConstructorAccessorImpl.newInstance(NativeConstructorAccessorImpl.java:62)
at sun.reflect.DelegatingConstructorAccessorImpl.newInstance(DelegatingConstructorAccessorImpl.java:45)
at java.lang.reflect.Constructor.newInstance(Constructor.java:423)
at org.openqa.selenium.remote.codec.w3c.W3CHttpResponseCodec.createException(W3CHttpResponseCodec.java:200)
at org.openqa.selenium.remote.codec.w3c.W3CHttpResponseCodec.decode(W3CHttpResponseCodec.java:133)
at org.openqa.selenium.remote.codec.w3c.W3CHttpResponseCodec.decode(W3CHttpResponseCodec.java:53)
at org.openqa.selenium.remote.HttpCommandExecutor.execute(HttpCommandExecutor.java:184)
at org.openqa.selenium.remote.service.DriverCommandExecutor.invokeExecute(DriverCommandExecutor.java:167)
at org.openqa.selenium.remote.service.DriverCommandExecutor.execute(DriverCommandExecutor.java:142)
at org.openqa.selenium.remote.RemoteWebDriver.execute(RemoteWebDriver.java:535)
at org.openqa.selenium.remote.RemoteWebElement.execute(RemoteWebElement.java:257)
at org.openqa.selenium.remote.RemoteWebElement.click(RemoteWebElement.java:78)
at sun.reflect.NativeMethodAccessorImpl.invoke0(Native Method)
at sun.reflect.NativeMethodAccessorImpl.invoke(NativeMethodAccessorImpl.java:62)
at sun.reflect.DelegatingMethodAccessorImpl.invoke(DelegatingMethodAccessorImpl.java:43)
at java.lang.reflect.Method.invoke(Method.java:498)
at org.openqa.selenium.support.pagefactory.internal.LocatingElementHandler.invoke(LocatingElementHandler.java:52)
at com.sun.proxy.$Proxy15.click(Unknown Source)
at AbstractComponents.AbstractComponent.goToCartPage(AbstractComponent.java:28)
at org.inaracademy.ErrorValidations.productErrorValidation(ErrorValidations.java:27)
at sun.reflect.NativeMethodAccessorImpl.invoke0(Native Method)
at sun.reflect.NativeMethodAccessorImpl.invoke(NativeMethodAccessorImpl.java:62)
at sun.reflect.DelegatingMethodAccessorImpl.invoke(DelegatingMethodAccessorImpl.java:43)
at java.lang.reflect.Method.invoke(Method.java:498)
at org.testng.internal.MethodInvocationHelper.invokeMethod(MethodInvocationHelper.java:124)
at org.testng.internal.Invoker.invokeMethod(Invoker.java:583)
at org.testng.internal.Invoker.invokeTestMethod(Invoker.java:719)
at org.testng.internal.Invoker.invokeTestMethods(Invoker.java:989)
at org.testng.internal.TestMethodWorker.invokeTestMethods(TestMethodWorker.java:125)
at org.testng.internal.TestMethodWorker.run(TestMethodWorker.java:109)
at org.testng.TestRunner.privateRun(TestRunner.java:648)
at org.testng.TestRunner.run(TestRunner.java:505)
at org.testng.SuiteRunner.runTest(SuiteRunner.java:455)
at org.testng.SuiteRunner.access$000(SuiteRunner.java:40)
at org.testng.SuiteRunner$SuiteWorker.run(SuiteRunner.java:489)
at org.testng.internal.thread.ThreadUtil$1.call(ThreadUtil.java:52)
at java.util.concurrent.FutureTask.run(FutureTask.java:266)
at java.util.concurrent.ThreadPoolExecutor.runWorker(ThreadPoolExecutor.java:1149)
at java.util.concurrent.ThreadPoolExecutor$Worker.run(ThreadPoolExecutor.java:624)
at java.lang.Thread.run(Thread.java:748)
]]>
            </full-stacktrace>
          </exception> <!-- org.openqa.selenium.ElementClickInterceptedException -->
          <reporter-output>
          </reporter-output>
        </test-method> <!-- productErrorValidation -->
        <test-method status="PASS" signature="tearDown()[pri:0, instance:org.inaracademy.ErrorValidations@27c86f2d]" name="tearDown" is-config="true" duration-ms="100" started-at="2023-01-10T11:29:27Z" finished-at="2023-01-10T11:29:27Z">
          <reporter-output>
          </reporter-output>
        </test-method> <!-- tearDown -->
      </class> <!-- org.inaracademy.ErrorValidations -->
    </test> <!-- Error Validation Test -->
    <test name="Submit Order Test" duration-ms="41135" started-at="2023-01-10T11:29:07Z" finished-at="2023-01-10T11:29:48Z">
      <class name="org.inaracademy.SubmitOrderTest">
        <test-method status="PASS" signature="launchApplication()[pri:0, instance:org.inaracademy.SubmitOrderTest@15761df8]" name="launchApplication" is-config="true" duration-ms="6763" started-at="2023-01-10T11:29:07Z" finished-at="2023-01-10T11:29:14Z">
          <reporter-output>
          </reporter-output>
        </test-method> <!-- launchApplication -->
        <test-method status="PASS" signature="submitOrder(java.util.HashMap)[pri:0, instance:org.inaracademy.SubmitOrderTest@15761df8]" name="submitOrder" duration-ms="5747" started-at="2023-01-10T11:29:14Z" data-provider="getData" finished-at="2023-01-10T11:29:20Z">
          <params>
            <param index="0">
              <value>
                <![CDATA[{password=Tester4256, product=ZARA COAT 3, email=yavuzcengaver@gmail.com}]]>
              </value>
            </param>
          </params>
          <reporter-output>
          </reporter-output>
        </test-method> <!-- submitOrder -->
        <test-method status="PASS" signature="tearDown()[pri:0, instance:org.inaracademy.SubmitOrderTest@15761df8]" name="tearDown" is-config="true" duration-ms="93" started-at="2023-01-10T11:29:20Z" finished-at="2023-01-10T11:29:20Z">
          <reporter-output>
          </reporter-output>
        </test-method> <!-- tearDown -->
        <test-method status="PASS" signature="launchApplication()[pri:0, instance:org.inaracademy.SubmitOrderTest@15761df8]" name="launchApplication" is-config="true" duration-ms="11202" started-at="2023-01-10T11:29:20Z" finished-at="2023-01-10T11:29:31Z">
          <reporter-output>
          </reporter-output>
        </test-method> <!-- launchApplication -->
        <test-method status="PASS" signature="submitOrder(java.util.HashMap)[pri:0, instance:org.inaracademy.SubmitOrderTest@15761df8]" name="submitOrder" duration-ms="5714" started-at="2023-01-10T11:29:31Z" data-provider="getData" finished-at="2023-01-10T11:29:37Z">
          <params>
            <param index="0">
              <value>
                <![CDATA[{password=Tester4256, product=ADIDAS ORIGINAL, email=fatihmehmet@gmail.com}]]>
              </value>
            </param>
          </params>
          <reporter-output>
          </reporter-output>
        </test-method> <!-- submitOrder -->
        <test-method status="PASS" signature="tearDown()[pri:0, instance:org.inaracademy.SubmitOrderTest@15761df8]" name="tearDown" is-config="true" duration-ms="96" started-at="2023-01-10T11:29:37Z" finished-at="2023-01-10T11:29:37Z">
          <reporter-output>
          </reporter-output>
        </test-method> <!-- tearDown -->
        <test-method status="PASS" signature="launchApplication()[pri:0, instance:org.inaracademy.SubmitOrderTest@15761df8]" name="launchApplication" is-config="true" duration-ms="8544" started-at="2023-01-10T11:29:37Z" finished-at="2023-01-10T11:29:45Z">
          <reporter-output>
          </reporter-output>
        </test-method> <!-- launchApplication -->
        <test-method status="PASS" signature="orderHistoryTest()[pri:0, instance:org.inaracademy.SubmitOrderTest@15761df8]" name="orderHistoryTest" duration-ms="2579" started-at="2023-01-10T11:29:45Z" depends-on-methods="org.inaracademy.SubmitOrderTest.submitOrder" finished-at="2023-01-10T11:29:48Z">
          <reporter-output>
          </reporter-output>
        </test-method> <!-- orderHistoryTest -->
        <test-method status="PASS" signature="tearDown()[pri:0, instance:org.inaracademy.SubmitOrderTest@15761df8]" name="tearDown" is-config="true" duration-ms="128" started-at="2023-01-10T11:29:48Z" finished-at="2023-01-10T11:29:48Z">
          <reporter-output>
          </reporter-output>
        </test-method> <!-- tearDown -->
      </class> <!-- org.inaracademy.SubmitOrderTest -->
    </test> <!-- Submit Order Test -->
  </suite> <!-- All Test Suite -->
</testng-results>
