<?xml version="1.0" encoding="UTF-8"?>
<testng-results skipped="0" failed="0" ignored="0" total="5" passed="5">
  <reporter-output>
  </reporter-output>
  <suite name="All Test Suite" duration-ms="23997" started-at="2023-01-09T10:00:46Z" finished-at="2023-01-09T10:01:10Z">
    <groups>
      <group name="Purchase">
        <method signature="SubmitOrderTest.submitOrder(java.util.HashMap)[pri:0, instance:org.inaracademy.SubmitOrderTest@5906ebcb]" name="submitOrder" class="org.inaracademy.SubmitOrderTest"/>
      </group> <!-- Purchase -->
      <group name="ErrorHandling">
        <method signature="ErrorValidations.loginErrorValidation()[pri:0, instance:org.inaracademy.ErrorValidations@3bd40a57]" name="loginErrorValidation" class="org.inaracademy.ErrorValidations"/>
      </group> <!-- ErrorHandling -->
    </groups>
    <test name="Submit Order Test" duration-ms="21825" started-at="2023-01-09T10:00:46Z" finished-at="2023-01-09T10:01:08Z">
      <class name="org.inaracademy.SubmitOrderTest">
        <test-method status="PASS" signature="launchApplication()[pri:0, instance:org.inaracademy.SubmitOrderTest@5906ebcb]" name="launchApplication" is-config="true" duration-ms="5379" started-at="2023-01-09T10:00:46Z" finished-at="2023-01-09T10:00:51Z">
          <reporter-output>
          </reporter-output>
        </test-method> <!-- launchApplication -->
        <test-method status="PASS" signature="submitOrder(java.util.HashMap)[pri:0, instance:org.inaracademy.SubmitOrderTest@5906ebcb]" name="submitOrder" duration-ms="3916" started-at="2023-01-09T10:00:51Z" data-provider="getData" finished-at="2023-01-09T10:00:55Z">
          <params>
            <param index="0">
              <value>
                <![CDATA[{password=Tester4256, product=ZARA COAT 3, email=yavuzcengaver@gmail.com}]]>
              </value>
            </param>
          </params>
          <reporter-output>
          </reporter-output>
        </test-method> <!-- submitOrder -->
        <test-method status="PASS" signature="tearDown()[pri:0, instance:org.inaracademy.SubmitOrderTest@5906ebcb]" name="tearDown" is-config="true" duration-ms="33" started-at="2023-01-09T10:00:55Z" finished-at="2023-01-09T10:00:55Z">
          <reporter-output>
          </reporter-output>
        </test-method> <!-- tearDown -->
        <test-method status="PASS" signature="launchApplication()[pri:0, instance:org.inaracademy.SubmitOrderTest@5906ebcb]" name="launchApplication" is-config="true" duration-ms="3786" started-at="2023-01-09T10:00:55Z" finished-at="2023-01-09T10:00:59Z">
          <reporter-output>
          </reporter-output>
        </test-method> <!-- launchApplication -->
        <test-method status="PASS" signature="submitOrder(java.util.HashMap)[pri:0, instance:org.inaracademy.SubmitOrderTest@5906ebcb]" name="submitOrder" duration-ms="3780" started-at="2023-01-09T10:00:59Z" data-provider="getData" finished-at="2023-01-09T10:01:03Z">
          <params>
            <param index="0">
              <value>
                <![CDATA[{password=Tester4256, product=ADIDAS ORIGINAL, email=fatihmehmet@gmail.com}]]>
              </value>
            </param>
          </params>
          <reporter-output>
          </reporter-output>
        </test-method> <!-- submitOrder -->
        <test-method status="PASS" signature="tearDown()[pri:0, instance:org.inaracademy.SubmitOrderTest@5906ebcb]" name="tearDown" is-config="true" duration-ms="23" started-at="2023-01-09T10:01:03Z" finished-at="2023-01-09T10:01:03Z">
          <reporter-output>
          </reporter-output>
        </test-method> <!-- tearDown -->
        <test-method status="PASS" signature="launchApplication()[pri:0, instance:org.inaracademy.SubmitOrderTest@5906ebcb]" name="launchApplication" is-config="true" duration-ms="3856" started-at="2023-01-09T10:01:03Z" finished-at="2023-01-09T10:01:07Z">
          <reporter-output>
          </reporter-output>
        </test-method> <!-- launchApplication -->
        <test-method status="PASS" signature="orderHistoryTest()[pri:0, instance:org.inaracademy.SubmitOrderTest@5906ebcb]" name="orderHistoryTest" duration-ms="815" started-at="2023-01-09T10:01:07Z" depends-on-methods="org.inaracademy.SubmitOrderTest.submitOrder" finished-at="2023-01-09T10:01:08Z">
          <reporter-output>
          </reporter-output>
        </test-method> <!-- orderHistoryTest -->
        <test-method status="PASS" signature="tearDown()[pri:0, instance:org.inaracademy.SubmitOrderTest@5906ebcb]" name="tearDown" is-config="true" duration-ms="22" started-at="2023-01-09T10:01:08Z" finished-at="2023-01-09T10:01:08Z">
          <reporter-output>
          </reporter-output>
        </test-method> <!-- tearDown -->
      </class> <!-- org.inaracademy.SubmitOrderTest -->
    </test> <!-- Submit Order Test -->
    <test name="Error Validation Test" duration-ms="23997" started-at="2023-01-09T10:00:46Z" finished-at="2023-01-09T10:01:10Z">
      <class name="org.inaracademy.ErrorValidations">
        <test-method status="PASS" signature="launchApplication()[pri:0, instance:org.inaracademy.ErrorValidations@3bd40a57]" name="launchApplication" is-config="true" duration-ms="6071" started-at="2023-01-09T10:00:46Z" finished-at="2023-01-09T10:00:52Z">
          <reporter-output>
          </reporter-output>
        </test-method> <!-- launchApplication -->
        <test-method status="PASS" signature="loginErrorValidation()[pri:0, instance:org.inaracademy.ErrorValidations@3bd40a57]" name="loginErrorValidation" duration-ms="1180" started-at="2023-01-09T10:00:52Z" finished-at="2023-01-09T10:00:53Z">
          <reporter-output>
          </reporter-output>
        </test-method> <!-- loginErrorValidation -->
        <test-method status="PASS" signature="tearDown()[pri:0, instance:org.inaracademy.ErrorValidations@3bd40a57]" name="tearDown" is-config="true" duration-ms="24" started-at="2023-01-09T10:00:53Z" finished-at="2023-01-09T10:00:53Z">
          <reporter-output>
          </reporter-output>
        </test-method> <!-- tearDown -->
        <test-method status="PASS" signature="launchApplication()[pri:0, instance:org.inaracademy.ErrorValidations@3bd40a57]" name="launchApplication" is-config="true" duration-ms="4173" started-at="2023-01-09T10:00:53Z" finished-at="2023-01-09T10:00:57Z">
          <reporter-output>
          </reporter-output>
        </test-method> <!-- launchApplication -->
        <test-method status="PASS" signature="productErrorValidation()[pri:0, instance:org.inaracademy.ErrorValidations@3bd40a57]" name="productErrorValidation" duration-ms="12504" started-at="2023-01-09T10:00:57Z" finished-at="2023-01-09T10:01:10Z">
          <reporter-output>
          </reporter-output>
        </test-method> <!-- productErrorValidation -->
        <test-method status="PASS" signature="tearDown()[pri:0, instance:org.inaracademy.ErrorValidations@3bd40a57]" name="tearDown" is-config="true" duration-ms="24" started-at="2023-01-09T10:01:10Z" finished-at="2023-01-09T10:01:10Z">
          <reporter-output>
          </reporter-output>
        </test-method> <!-- tearDown -->
      </class> <!-- org.inaracademy.ErrorValidations -->
    </test> <!-- Error Validation Test -->
  </suite> <!-- All Test Suite -->
</testng-results>
